#
# There is insufficient memory for the Java Runtime Environment to continue.
# Native memory allocation (malloc) failed to allocate 293136 bytes for Chunk::new
# Possible reasons:
#   The system is out of physical RAM or swap space
#   The process is running with CompressedOops enabled, and the Java Heap may be blocking the growth of the native heap
# Possible solutions:
#   Reduce memory load on the system
#   Increase physical memory or swap space
#   Check if swap backing store is full
#   Decrease Java heap size (-Xmx/-Xms)
#   Decrease number of Java threads
#   Decrease Java thread stack sizes (-Xss)
#   Set larger code cache with -XX:ReservedCodeCacheSize=
#   JVM is running with Unscaled Compressed Oops mode in which the Java heap is
#     placed in the first 4GB address space. The Java Heap base address is the
#     maximum limit for the native heap growth. Please use -XX:HeapBaseMinAddress
#     to set the Java Heap base and to place the Java Heap above 4GB virtual address.
# This output file may be truncated or incomplete.
#
#  Out of Memory Error (./src/hotspot/share/memory/arena.cpp:197), pid=8552, tid=3872
#
# JRE version: OpenJDK Runtime Environment Corretto-11.0.14.10.1 (11.0.14.1+10) (build 11.0.14.1+10-LTS)
# Java VM: OpenJDK 64-Bit Server VM Corretto-11.0.14.10.1 (11.0.14.1+10-LTS, mixed mode, tiered, compressed oops, g1 gc, windows-amd64)
# No core dump will be written. Minidumps are not enabled by default on client versions of Windows
#

---------------  S U M M A R Y ------------

Command Line: -ea -Didea.test.cyclic.buffer.size=1048576 -javaagent:C:\Program Files\JetBrains\IntelliJ IDEA 2021.3.2\lib\idea_rt.jar=62928:C:\Program Files\JetBrains\IntelliJ IDEA 2021.3.2\bin -Dfile.encoding=UTF-8 com.intellij.rt.junit.JUnitStarter -ideVersion5 -junit5 com.mykata.spring_boot_crud.SpringBootCrudApplicationTests,contextLoads

Host: Intel(R) Core(TM) i3-3217U CPU @ 1.80GHz, 4 cores, 3G,  Windows 10 , 64 bit Build 19041 (10.0.19041.1566)
Time: Fri Apr  1 20:56:05 2022 RTZ 2 (зима) elapsed time: 3.582681 seconds (0d 0h 0m 3s)

---------------  T H R E A D  ---------------

Current thread (0x000002239246c000):  JavaThread "C2 CompilerThread1" daemon [_thread_in_native, id=3872, stack(0x000000d327000000,0x000000d327100000)]


Current CompileTask:
C2:   3582 1052       4       jdk.internal.org.objectweb.asm.ClassWriter::newUTF8 (70 bytes)

Stack: [0x000000d327000000,0x000000d327100000]
Native frames: (J=compiled Java code, j=interpreted, Vv=VM code, C=native code)
V  [jvm.dll+0x61e62a]
V  [jvm.dll+0x7ab569]
V  [jvm.dll+0x7acc58]
V  [jvm.dll+0x7ad333]
V  [jvm.dll+0x24f7f8]
V  [jvm.dll+0xc260c]
V  [jvm.dll+0xc2bcc]
V  [jvm.dll+0x359a97]
V  [jvm.dll+0x325a13]
V  [jvm.dll+0x324d4a]
V  [jvm.dll+0x208c35]
V  [jvm.dll+0x207e1d]
V  [jvm.dll+0x18a2d1]
V  [jvm.dll+0x217574]
V  [jvm.dll+0x2157bb]
V  [jvm.dll+0x76e0c0]
V  [jvm.dll+0x767024]
V  [jvm.dll+0x61d486]
C  [ucrtbase.dll+0x21bb2]
C  [KERNEL32.DLL+0x17034]
C  [ntdll.dll+0x52651]


---------------  P R O C E S S  ---------------

Threads class SMR info:
_java_thread_list=0x0000022391c3c7d0, length=12, elements={
0x00000223f4819800, 0x0000022391171800, 0x0000022391172800, 0x00000223911d3000,
0x00000223911d6000, 0x00000223911d7800, 0x00000223911da800, 0x00000223911dd000,
0x000002239136e000, 0x0000022391106000, 0x00000223914fc800, 0x000002239246c000
}

Java Threads: ( => current thread )
  0x00000223f4819800 JavaThread "main" [_thread_in_vm, id=4260, stack(0x000000d325d00000,0x000000d325e00000)]
  0x0000022391171800 JavaThread "Reference Handler" daemon [_thread_blocked, id=5048, stack(0x000000d326400000,0x000000d326500000)]
  0x0000022391172800 JavaThread "Finalizer" daemon [_thread_blocked, id=4468, stack(0x000000d326500000,0x000000d326600000)]
  0x00000223911d3000 JavaThread "Signal Dispatcher" daemon [_thread_blocked, id=2884, stack(0x000000d326600000,0x000000d326700000)]
  0x00000223911d6000 JavaThread "Attach Listener" daemon [_thread_blocked, id=4024, stack(0x000000d326700000,0x000000d326800000)]
  0x00000223911d7800 JavaThread "Service Thread" daemon [_thread_blocked, id=1180, stack(0x000000d326800000,0x000000d326900000)]
  0x00000223911da800 JavaThread "C2 CompilerThread0" daemon [_thread_blocked, id=3856, stack(0x000000d326900000,0x000000d326a00000)]
  0x00000223911dd000 JavaThread "C1 CompilerThread0" daemon [_thread_in_vm, id=8732, stack(0x000000d326a00000,0x000000d326b00000)]
  0x000002239136e000 JavaThread "Sweeper thread" daemon [_thread_blocked, id=7972, stack(0x000000d326b00000,0x000000d326c00000)]
  0x0000022391106000 JavaThread "Common-Cleaner" daemon [_thread_blocked, id=7164, stack(0x000000d326c00000,0x000000d326d00000)]
  0x00000223914fc800 JavaThread "Monitor Ctrl-Break" daemon [_thread_in_native, id=3860, stack(0x000000d326d00000,0x000000d326e00000)]
=>0x000002239246c000 JavaThread "C2 CompilerThread1" daemon [_thread_in_native, id=3872, stack(0x000000d327000000,0x000000d327100000)]

Other Threads:
  0x000002239114a800 VMThread "VM Thread" [stack: 0x000000d326300000,0x000000d326400000] [id=944]
  0x00000223914fd000 WatcherThread [stack: 0x000000d326e00000,0x000000d326f00000] [id=5656]
  0x00000223f4831800 GCTaskThread "GC Thread#0" [stack: 0x000000d325e00000,0x000000d325f00000] [id=7548]
  0x0000022391aac800 GCTaskThread "GC Thread#1" [stack: 0x000000d326f00000,0x000000d327000000] [id=7620]
  0x00000223f484a800 ConcurrentGCThread "G1 Main Marker" [stack: 0x000000d325f00000,0x000000d326000000] [id=8568]
  0x00000223f484e000 ConcurrentGCThread "G1 Conc#0" [stack: 0x000000d326000000,0x000000d326100000] [id=7928]
  0x00000223f48a3000 ConcurrentGCThread "G1 Refine#0" [stack: 0x000000d326100000,0x000000d326200000] [id=7568]
  0x00000223f48a4000 ConcurrentGCThread "G1 Young RemSet Sampling" [stack: 0x000000d326200000,0x000000d326300000] [id=4292]

Threads with active compile tasks:
C1 CompilerThread0   3632 1084       3       java.lang.invoke.DirectMethodHandle::preparedLambdaForm (248 bytes)
C2 CompilerThread1   3632 1052       4       jdk.internal.org.objectweb.asm.ClassWriter::newUTF8 (70 bytes)

VM state:not at safepoint (normal execution)

VM Mutex/Monitor currently owned by a thread: None

Heap address: 0x00000000c1a00000, size: 998 MB, Compressed Oops mode: 32-bit
Narrow klass base: 0x0000000000000000, Narrow klass shift: 3
Compressed class space size: 1073741824 Address: 0x0000000100000000

Heap:
 garbage-first heap   total 65536K, used 9622K [0x00000000c1a00000, 0x0000000100000000)
  region size 1024K, 4 young (4096K), 1 survivors (1024K)
 Metaspace       used 11620K, capacity 12070K, committed 12416K, reserved 1060864K
  class space    used 1155K, capacity 1305K, committed 1408K, reserved 1048576K
Heap Regions: E=young(eden), S=young(survivor), O=old, HS=humongous(starts), HC=humongous(continues), CS=collection set, F=free, A=archive, TAMS=top-at-mark-start (previous, next)
|   0|0x00000000c1a00000, 0x00000000c1b00000, 0x00000000c1b00000|100%|HS|  |TAMS 0x00000000c1a00000, 0x00000000c1a00000| Complete 
|   1|0x00000000c1b00000, 0x00000000c1c00000, 0x00000000c1c00000|100%| O|  |TAMS 0x00000000c1b00000, 0x00000000c1b00000| Untracked 
|   2|0x00000000c1c00000, 0x00000000c1d00000, 0x00000000c1d00000|100%| O|  |TAMS 0x00000000c1c00000, 0x00000000c1c00000| Untracked 
|   3|0x00000000c1d00000, 0x00000000c1e00000, 0x00000000c1e00000|100%| O|  |TAMS 0x00000000c1d00000, 0x00000000c1d00000| Untracked 
|   4|0x00000000c1e00000, 0x00000000c1f00000, 0x00000000c1f00000|100%| O|  |TAMS 0x00000000c1e00000, 0x00000000c1e00000| Untracked 
|   5|0x00000000c1f00000, 0x00000000c2000000, 0x00000000c2000000|100%| O|  |TAMS 0x00000000c1f00000, 0x00000000c1f00000| Untracked 
|   6|0x00000000c2000000, 0x00000000c2100000, 0x00000000c2100000|100%| O|  |TAMS 0x00000000c2000000, 0x00000000c2000000| Untracked 
|   7|0x00000000c2100000, 0x00000000c2116e00, 0x00000000c2200000|  8%| O|  |TAMS 0x00000000c2100000, 0x00000000c2100000| Untracked 
|   8|0x00000000c2200000, 0x00000000c2200000, 0x00000000c2300000|  0%| F|  |TAMS 0x00000000c2200000, 0x00000000c2200000| Untracked 
|   9|0x00000000c2300000, 0x00000000c2300000, 0x00000000c2400000|  0%| F|  |TAMS 0x00000000c2300000, 0x00000000c2300000| Untracked 
|  10|0x00000000c2400000, 0x00000000c2400000, 0x00000000c2500000|  0%| F|  |TAMS 0x00000000c2400000, 0x00000000c2400000| Untracked 
|  11|0x00000000c2500000, 0x00000000c2500000, 0x00000000c2600000|  0%| F|  |TAMS 0x00000000c2500000, 0x00000000c2500000| Untracked 
|  12|0x00000000c2600000, 0x00000000c2600000, 0x00000000c2700000|  0%| F|  |TAMS 0x00000000c2600000, 0x00000000c2600000| Untracked 
|  13|0x00000000c2700000, 0x00000000c2700000, 0x00000000c2800000|  0%| F|  |TAMS 0x00000000c2700000, 0x00000000c2700000| Untracked 
|  14|0x00000000c2800000, 0x00000000c2800000, 0x00000000c2900000|  0%| F|  |TAMS 0x00000000c2800000, 0x00000000c2800000| Untracked 
|  15|0x00000000c2900000, 0x00000000c2900000, 0x00000000c2a00000|  0%| F|  |TAMS 0x00000000c2900000, 0x00000000c2900000| Untracked 
|  16|0x00000000c2a00000, 0x00000000c2a00000, 0x00000000c2b00000|  0%| F|  |TAMS 0x00000000c2a00000, 0x00000000c2a00000| Untracked 
|  17|0x00000000c2b00000, 0x00000000c2b00000, 0x00000000c2c00000|  0%| F|  |TAMS 0x00000000c2b00000, 0x00000000c2b00000| Untracked 
|  18|0x00000000c2c00000, 0x00000000c2c00000, 0x00000000c2d00000|  0%| F|  |TAMS 0x00000000c2c00000, 0x00000000c2c00000| Untracked 
|  19|0x00000000c2d00000, 0x00000000c2d00000, 0x00000000c2e00000|  0%| F|  |TAMS 0x00000000c2d00000, 0x00000000c2d00000| Untracked 
|  20|0x00000000c2e00000, 0x00000000c2e00000, 0x00000000c2f00000|  0%| F|  |TAMS 0x00000000c2e00000, 0x00000000c2e00000| Untracked 
|  21|0x00000000c2f00000, 0x00000000c2f00000, 0x00000000c3000000|  0%| F|  |TAMS 0x00000000c2f00000, 0x00000000c2f00000| Untracked 
|  22|0x00000000c3000000, 0x00000000c3000000, 0x00000000c3100000|  0%| F|  |TAMS 0x00000000c3000000, 0x00000000c3000000| Untracked 
|  23|0x00000000c3100000, 0x00000000c3100000, 0x00000000c3200000|  0%| F|  |TAMS 0x00000000c3100000, 0x00000000c3100000| Untracked 
|  24|0x00000000c3200000, 0x00000000c3200000, 0x00000000c3300000|  0%| F|  |TAMS 0x00000000c3200000, 0x00000000c3200000| Untracked 
|  25|0x00000000c3300000, 0x00000000c3300000, 0x00000000c3400000|  0%| F|  |TAMS 0x00000000c3300000, 0x00000000c3300000| Untracked 
|  26|0x00000000c3400000, 0x00000000c3400000, 0x00000000c3500000|  0%| F|  |TAMS 0x00000000c3400000, 0x00000000c3400000| Untracked 
|  27|0x00000000c3500000, 0x00000000c3500000, 0x00000000c3600000|  0%| F|  |TAMS 0x00000000c3500000, 0x00000000c3500000| Untracked 
|  28|0x00000000c3600000, 0x00000000c3600000, 0x00000000c3700000|  0%| F|  |TAMS 0x00000000c3600000, 0x00000000c3600000| Untracked 
|  29|0x00000000c3700000, 0x00000000c3700000, 0x00000000c3800000|  0%| F|  |TAMS 0x00000000c3700000, 0x00000000c3700000| Untracked 
|  30|0x00000000c3800000, 0x00000000c3800000, 0x00000000c3900000|  0%| F|  |TAMS 0x00000000c3800000, 0x00000000c3800000| Untracked 
|  31|0x00000000c3900000, 0x00000000c3900000, 0x00000000c3a00000|  0%| F|  |TAMS 0x00000000c3900000, 0x00000000c3900000| Untracked 
|  32|0x00000000c3a00000, 0x00000000c3a00000, 0x00000000c3b00000|  0%| F|  |TAMS 0x00000000c3a00000, 0x00000000c3a00000| Untracked 
|  33|0x00000000c3b00000, 0x00000000c3b00000, 0x00000000c3c00000|  0%| F|  |TAMS 0x00000000c3b00000, 0x00000000c3b00000| Untracked 
|  34|0x00000000c3c00000, 0x00000000c3c00000, 0x00000000c3d00000|  0%| F|  |TAMS 0x00000000c3c00000, 0x00000000c3c00000| Untracked 
|  35|0x00000000c3d00000, 0x00000000c3d00000, 0x00000000c3e00000|  0%| F|  |TAMS 0x00000000c3d00000, 0x00000000c3d00000| Untracked 
|  36|0x00000000c3e00000, 0x00000000c3e00000, 0x00000000c3f00000|  0%| F|  |TAMS 0x00000000c3e00000, 0x00000000c3e00000| Untracked 
|  37|0x00000000c3f00000, 0x00000000c3f00000, 0x00000000c4000000|  0%| F|  |TAMS 0x00000000c3f00000, 0x00000000c3f00000| Untracked 
|  38|0x00000000c4000000, 0x00000000c4000000, 0x00000000c4100000|  0%| F|  |TAMS 0x00000000c4000000, 0x00000000c4000000| Untracked 
|  39|0x00000000c4100000, 0x00000000c4100000, 0x00000000c4200000|  0%| F|  |TAMS 0x00000000c4100000, 0x00000000c4100000| Untracked 
|  40|0x00000000c4200000, 0x00000000c4200000, 0x00000000c4300000|  0%| F|  |TAMS 0x00000000c4200000, 0x00000000c4200000| Untracked 
|  41|0x00000000c4300000, 0x00000000c4300000, 0x00000000c4400000|  0%| F|  |TAMS 0x00000000c4300000, 0x00000000c4300000| Untracked 
|  42|0x00000000c4400000, 0x00000000c4400000, 0x00000000c4500000|  0%| F|  |TAMS 0x00000000c4400000, 0x00000000c4400000| Untracked 
|  43|0x00000000c4500000, 0x00000000c4500000, 0x00000000c4600000|  0%| F|  |TAMS 0x00000000c4500000, 0x00000000c4500000| Untracked 
|  44|0x00000000c4600000, 0x00000000c4600000, 0x00000000c4700000|  0%| F|  |TAMS 0x00000000c4600000, 0x00000000c4600000| Untracked 
|  45|0x00000000c4700000, 0x00000000c4700000, 0x00000000c4800000|  0%| F|  |TAMS 0x00000000c4700000, 0x00000000c4700000| Untracked 
|  46|0x00000000c4800000, 0x00000000c4800000, 0x00000000c4900000|  0%| F|  |TAMS 0x00000000c4800000, 0x00000000c4800000| Untracked 
|  47|0x00000000c4900000, 0x00000000c4900000, 0x00000000c4a00000|  0%| F|  |TAMS 0x00000000c4900000, 0x00000000c4900000| Untracked 
|  48|0x00000000c4a00000, 0x00000000c4a00000, 0x00000000c4b00000|  0%| F|  |TAMS 0x00000000c4a00000, 0x00000000c4a00000| Untracked 
|  49|0x00000000c4b00000, 0x00000000c4b00000, 0x00000000c4c00000|  0%| F|  |TAMS 0x00000000c4b00000, 0x00000000c4b00000| Untracked 
|  50|0x00000000c4c00000, 0x00000000c4c00000, 0x00000000c4d00000|  0%| F|  |TAMS 0x00000000c4c00000, 0x00000000c4c00000| Untracked 
|  51|0x00000000c4d00000, 0x00000000c4d00000, 0x00000000c4e00000|  0%| F|  |TAMS 0x00000000c4d00000, 0x00000000c4d00000| Untracked 
|  52|0x00000000c4e00000, 0x00000000c4e00000, 0x00000000c4f00000|  0%| F|  |TAMS 0x00000000c4e00000, 0x00000000c4e00000| Untracked 
|  53|0x00000000c4f00000, 0x00000000c4f00000, 0x00000000c5000000|  0%| F|  |TAMS 0x00000000c4f00000, 0x00000000c4f00000| Untracked 
|  54|0x00000000c5000000, 0x00000000c5000000, 0x00000000c5100000|  0%| F|  |TAMS 0x00000000c5000000, 0x00000000c5000000| Untracked 
|  55|0x00000000c5100000, 0x00000000c514ed60, 0x00000000c5200000| 30%| S|CS|TAMS 0x00000000c5100000, 0x00000000c5100000| Complete 
|  56|0x00000000c5200000, 0x00000000c5200000, 0x00000000c5300000|  0%| F|  |TAMS 0x00000000c5200000, 0x00000000c5200000| Untracked 
|  57|0x00000000c5300000, 0x00000000c5300000, 0x00000000c5400000|  0%| F|  |TAMS 0x00000000c5300000, 0x00000000c5300000| Untracked 
|  58|0x00000000c5400000, 0x00000000c5400000, 0x00000000c5500000|  0%| F|  |TAMS 0x00000000c5400000, 0x00000000c5400000| Untracked 
|  59|0x00000000c5500000, 0x00000000c5500000, 0x00000000c5600000|  0%| F|  |TAMS 0x00000000c5500000, 0x00000000c5500000| Untracked 
|  60|0x00000000c5600000, 0x00000000c5600000, 0x00000000c5700000|  0%| F|  |TAMS 0x00000000c5600000, 0x00000000c5600000| Untracked 
|  61|0x00000000c5700000, 0x00000000c57d0508, 0x00000000c5800000| 81%| E|  |TAMS 0x00000000c5700000, 0x00000000c5700000| Complete 
|  62|0x00000000c5800000, 0x00000000c5900000, 0x00000000c5900000|100%| E|CS|TAMS 0x00000000c5800000, 0x00000000c5800000| Complete 
|  63|0x00000000c5900000, 0x00000000c5a00000, 0x00000000c5a00000|100%| E|CS|TAMS 0x00000000c5900000, 0x00000000c5900000| Complete 

Card table byte_map: [0x00000223fd150000,0x00000223fd350000] _byte_map_base: 0x00000223fcb43000

Marking Bits (Prev, Next): (CMBitMap*) 0x00000223f4845e78, (CMBitMap*) 0x00000223f4845eb0
 Prev Bits: [0x00000223fd550000, 0x00000223fe4e8000)
 Next Bits: [0x00000223fe4f0000, 0x00000223ff488000)

Polling page: 0x00000223f2760000

Metaspace:

Usage:
  Non-class:     10.51 MB capacity,    10.24 MB ( 97%) used,   245.86 KB (  2%) free+waste,    36.19 KB ( <1%) overhead. 
      Class:      1.31 MB capacity,     1.13 MB ( 87%) used,   159.80 KB ( 12%) free+waste,    18.38 KB (  1%) overhead. 
       Both:     11.82 MB capacity,    11.37 MB ( 96%) used,   405.66 KB (  3%) free+waste,    54.56 KB ( <1%) overhead. 

Virtual space:
  Non-class space:       12.00 MB reserved,      10.75 MB ( 90%) committed 
      Class space:        1.00 GB reserved,       1.38 MB ( <1%) committed 
             Both:        1.01 GB reserved,      12.13 MB (  1%) committed 

Chunk freelists:
   Non-Class:  0 bytes
       Class:  6.00 KB
        Both:  6.00 KB

MaxMetaspaceSize: 17179869184.00 GB
CompressedClassSpaceSize: 1.00 GB
Initial GC threshold: 20.80 MB
Current GC threshold: 20.80 MB
CDS: off

CodeHeap 'non-profiled nmethods': size=120064Kb used=378Kb max_used=378Kb free=119685Kb
 bounds [0x0000022387ac0000, 0x0000022387d30000, 0x000002238f000000]
CodeHeap 'profiled nmethods': size=120000Kb used=2043Kb max_used=2043Kb free=117956Kb
 bounds [0x0000022380590000, 0x0000022380800000, 0x0000022387ac0000]
CodeHeap 'non-nmethods': size=5696Kb used=1117Kb max_used=1135Kb free=4578Kb
 bounds [0x0000022380000000, 0x0000022380270000, 0x0000022380590000]
 total_blobs=1463 nmethods=1096 adapters=280
 compilation: enabled
              stopped_count=0, restarted_count=0
 full_count=0

Compilation events (20 events):
Event: 3.556 Thread 0x00000223911dd000 1056       1       jdk.internal.reflect.DelegatingConstructorAccessorImpl::setDelegate (6 bytes)
Event: 3.556 Thread 0x00000223911dd000 nmethod 1056 0x0000022387b1b290 code [0x0000022387b1b440, 0x0000022387b1b538]
Event: 3.556 Thread 0x00000223911da800 1057       4       jdk.internal.org.objectweb.asm.ByteVector::putByte (39 bytes)
Event: 3.558 Thread 0x00000223911dd000 1058       3       java.lang.invoke.DirectMethodHandle::shouldBeInitialized (123 bytes)
Event: 3.559 Thread 0x00000223911da800 nmethod 1057 0x0000022387b1b590 code [0x0000022387b1b740, 0x0000022387b1b868]
Event: 3.561 Thread 0x00000223911dd000 nmethod 1058 0x000002238077ab90 code [0x000002238077af80, 0x000002238077c5d8]
Event: 3.562 Thread 0x00000223911dd000 1059       3       jdk.internal.loader.ClassLoaders$AppClassLoader::loadClass (40 bytes)
Event: 3.563 Thread 0x00000223911dd000 nmethod 1059 0x000002238077cc90 code [0x000002238077cee0, 0x000002238077d798]
Event: 3.563 Thread 0x00000223911dd000 1061   !   3       jdk.internal.loader.URLClassPath$JarLoader::checkResource (78 bytes)
Event: 3.563 Thread 0x00000223911da800 1062       4       java.util.concurrent.ConcurrentHashMap::get (162 bytes)
Event: 3.565 Thread 0x00000223911dd000 nmethod 1061 0x000002238077db10 code [0x000002238077dd60, 0x000002238077e708]
Event: 3.565 Thread 0x00000223911dd000 1060       3       jdk.internal.reflect.DelegatingConstructorAccessorImpl::newInstance (9 bytes)
Event: 3.565 Thread 0x00000223911dd000 nmethod 1060 0x000002238077eb90 code [0x000002238077ed40, 0x000002238077ef08]
Event: 3.571 Thread 0x00000223911dd000 1063       1       jdk.internal.reflect.NativeConstructorAccessorImpl::setParent (6 bytes)
Event: 3.572 Thread 0x00000223911dd000 nmethod 1063 0x0000022387b1b990 code [0x0000022387b1bb40, 0x0000022387b1bc38]
Event: 3.573 Thread 0x00000223911da800 nmethod 1062 0x0000022387b1bc90 code [0x0000022387b1be40, 0x0000022387b1c0f8]
Event: 3.575 Thread 0x00000223911dd000 1064   !   3       java.lang.invoke.MethodHandleNatives::linkMethodHandleConstant (50 bytes)
Event: 3.576 Thread 0x00000223911dd000 nmethod 1064 0x000002238077f010 code [0x000002238077f1e0, 0x000002238077f3c8]
Event: 3.576 Thread 0x00000223911dd000 1065       3       java.lang.invoke.MethodHandles$Lookup::linkMethodHandleConstant (220 bytes)
Event: 3.577 Thread 0x00000223911da800 1066   !   4       java.util.jar.JarFile::isMultiRelease (33 bytes)

GC Heap History (4 events):
Event: 2.777 GC heap before
{Heap before GC invocations=0 (full 0):
 garbage-first heap   total 65536K, used 14336K [0x00000000c1a00000, 0x0000000100000000)
  region size 1024K, 14 young (14336K), 0 survivors (0K)
 Metaspace       used 10070K, capacity 10329K, committed 10496K, reserved 1058816K
  class space    used 923K, capacity 995K, committed 1024K, reserved 1048576K
}
Event: 2.797 GC heap after
{Heap after GC invocations=1 (full 0):
 garbage-first heap   total 65536K, used 7043K [0x00000000c1a00000, 0x0000000100000000)
  region size 1024K, 2 young (2048K), 2 survivors (2048K)
 Metaspace       used 10070K, capacity 10329K, committed 10496K, reserved 1058816K
  class space    used 923K, capacity 995K, committed 1024K, reserved 1048576K
}
Event: 3.466 GC heap before
{Heap before GC invocations=1 (full 0):
 garbage-first heap   total 65536K, used 15235K [0x00000000c1a00000, 0x0000000100000000)
  region size 1024K, 10 young (10240K), 2 survivors (2048K)
 Metaspace       used 11222K, capacity 11552K, committed 11776K, reserved 1060864K
  class space    used 1087K, capacity 1194K, committed 1280K, reserved 1048576K
}
Event: 3.475 GC heap after
{Heap after GC invocations=2 (full 0):
 garbage-first heap   total 65536K, used 7574K [0x00000000c1a00000, 0x0000000100000000)
  region size 1024K, 1 young (1024K), 1 survivors (1024K)
 Metaspace       used 11222K, capacity 11552K, committed 11776K, reserved 1060864K
  class space    used 1087K, capacity 1194K, committed 1280K, reserved 1048576K
}

Deoptimization events (20 events):
Event: 2.199 Thread 0x00000223f4819800 Uncommon trap: trap_request=0xffffffc6 fr.pc=0x0000022387acb794 relative=0x0000000000000074
Event: 2.199 Thread 0x00000223f4819800 Uncommon trap: reason=bimorphic_or_optimized_type_check action=maybe_recompile pc=0x0000022387acb794 method=java.util.AbstractCollection.isEmpty()Z @ 1 c2
Event: 2.199 Thread 0x00000223f4819800 DEOPT PACKING pc=0x0000022387acb794 sp=0x000000d325dfa8d0
Event: 2.199 Thread 0x00000223f4819800 DEOPT UNPACKING pc=0x000002238004a1af sp=0x000000d325dfa860 mode 2
Event: 2.425 Thread 0x00000223f4819800 Uncommon trap: trap_request=0xffffff4d fr.pc=0x0000022387ad8800 relative=0x0000000000000060
Event: 2.425 Thread 0x00000223f4819800 Uncommon trap: reason=unstable_if action=reinterpret pc=0x0000022387ad8800 method=java.io.WinNTFileSystem.isSlash(C)Z @ 9 c2
Event: 2.425 Thread 0x00000223f4819800 DEOPT PACKING pc=0x0000022387ad8800 sp=0x000000d325dfe560
Event: 2.425 Thread 0x00000223f4819800 DEOPT UNPACKING pc=0x000002238004a1af sp=0x000000d325dfe4e8 mode 2
Event: 2.430 Thread 0x00000223f4819800 DEOPT PACKING pc=0x00000223805e2862 sp=0x000000d325dfd920
Event: 2.430 Thread 0x00000223f4819800 DEOPT UNPACKING pc=0x000002238004a95e sp=0x000000d325dfcdb0 mode 0
Event: 2.722 Thread 0x00000223f4819800 Uncommon trap: trap_request=0xffffff4d fr.pc=0x0000022387af8584 relative=0x0000000000000144
Event: 2.722 Thread 0x00000223f4819800 Uncommon trap: reason=unstable_if action=reinterpret pc=0x0000022387af8584 method=java.util.HashMap.getNode(ILjava/lang/Object;)Ljava/util/HashMap$Node; @ 129 c2
Event: 2.722 Thread 0x00000223f4819800 DEOPT PACKING pc=0x0000022387af8584 sp=0x000000d325dfc3e0
Event: 2.722 Thread 0x00000223f4819800 DEOPT UNPACKING pc=0x000002238004a1af sp=0x000000d325dfc350 mode 2
Event: 2.824 Thread 0x00000223f4819800 DEOPT PACKING pc=0x00000223805d7dff sp=0x000000d325dfcf20
Event: 2.824 Thread 0x00000223f4819800 DEOPT UNPACKING pc=0x000002238004a95e sp=0x000000d325dfc370 mode 0
Event: 2.849 Thread 0x00000223f4819800 DEOPT PACKING pc=0x00000223805d7dff sp=0x000000d325dfccb0
Event: 2.849 Thread 0x00000223f4819800 DEOPT UNPACKING pc=0x000002238004a95e sp=0x000000d325dfc100 mode 0
Event: 3.357 Thread 0x00000223f4819800 DEOPT PACKING pc=0x00000223805d40db sp=0x000000d325dfa470
Event: 3.357 Thread 0x00000223f4819800 DEOPT UNPACKING pc=0x000002238004a95e sp=0x000000d325df98e8 mode 0

Classes redefined (0 events):
No events

Internal exceptions (14 events):
Event: 1.849 Thread 0x00000223f4819800 Exception <a 'java/lang/NoSuchMethodError'{0x00000000c51a2ad8}: 'java.lang.Object java.lang.invoke.DirectMethodHandle$Holder.invokeStaticInit(java.lang.Object, int)'> (0x00000000c51a2ad8) thrown at [./src/hotspot/share/interpreter/linkResolver.cpp, line 773]
Event: 2.596 Thread 0x00000223f4819800 Exception <a 'java/lang/NoSuchMethodError'{0x00000000c4ed7ed8}: 'java.lang.Object java.lang.invoke.DirectMethodHandle$Holder.invokeVirtual(java.lang.Object, java.lang.Object, java.lang.Object)'> (0x00000000c4ed7ed8) thrown at [./src/hotspot/share/interpreter/linkResolver.cpp, line 773]
Event: 2.920 Thread 0x00000223f4819800 Exception <a 'java/lang/NoSuchMethodError'{0x00000000c5704708}: 'java.lang.Object java.lang.invoke.DirectMethodHandle$Holder.invokeStaticInit(java.lang.Object, java.lang.Object, java.lang.Object)'> (0x00000000c5704708) thrown at [./src/hotspot/share/interpreter/linkResolver.cpp, line 773]
Event: 2.928 Thread 0x00000223f4819800 Exception <a 'java/lang/NoSuchMethodError'{0x00000000c570b288}: 'void java.lang.invoke.DirectMethodHandle$Holder.invokeStaticInit(java.lang.Object, java.lang.Object, java.lang.Object)'> (0x00000000c570b288) thrown at [./src/hotspot/share/interpreter/linkResolver.cpp, line 773]
Event: 2.965 Thread 0x00000223f4819800 Exception <a 'java/lang/NoSuchMethodError'{0x00000000c5776800}: 'int java.lang.invoke.DirectMethodHandle$Holder.invokeVirtual(java.lang.Object, java.lang.Object)'> (0x00000000c5776800) thrown at [./src/hotspot/share/interpreter/linkResolver.cpp, line 773]
Event: 3.152 Thread 0x00000223f4819800 Exception <a 'java/lang/NoSuchMethodError'{0x00000000c569ca88}: 'int java.lang.invoke.DirectMethodHandle$Holder.invokeSpecialIFC(java.lang.Object, java.lang.Object, java.lang.Object, java.lang.Object)'> (0x00000000c569ca88) thrown at [./src/hotspot/share/interpreter/linkResolver.cpp, line 773]
Event: 3.233 Thread 0x00000223f4819800 Exception <a 'java/lang/NoSuchMethodError'{0x00000000c55b3cc8}: 'void java.lang.invoke.DirectMethodHandle$Holder.invokeInterface(java.lang.Object, java.lang.Object)'> (0x00000000c55b3cc8) thrown at [./src/hotspot/share/interpreter/linkResolver.cpp, line 773]
Event: 3.234 Thread 0x00000223f4819800 Exception <a 'java/lang/IncompatibleClassChangeError'{0x00000000c55b6bd0}: Found class java.lang.Object, but interface was expected> (0x00000000c55b6bd0) thrown at [./src/hotspot/share/interpreter/linkResolver.cpp, line 839]
Event: 3.342 Thread 0x00000223f4819800 Exception <a 'java/lang/NoSuchMethodError'{0x00000000c54ed710}: 'java.lang.Object java.lang.invoke.Invokers$Holder.linkToTargetMethod(java.lang.Object, java.lang.Object, java.lang.Object, java.lang.Object, java.lang.Object, java.lang.Object)'> (0x00000000c54ed710) thrown at [./src/hotspot/share/interpreter/linkResolver.cpp, line 773]
Event: 3.417 Thread 0x00000223f4819800 Exception <a 'java/lang/NoSuchMethodError'{0x00000000c529ed78}: 'java.lang.Object java.lang.invoke.DirectMethodHandle$Holder.invokeSpecialIFC(java.lang.Object, java.lang.Object, java.lang.Object, java.lang.Object)'> (0x00000000c529ed78) thrown at [./src/hotspot/share/interpreter/linkResolver.cpp, line 773]
Event: 3.429 Thread 0x00000223f4819800 Exception <a 'java/lang/NoSuchMethodError'{0x00000000c52c2e28}: 'java.lang.Object java.lang.invoke.DirectMethodHandle$Holder.invokeInterface(java.lang.Object, java.lang.Object, java.lang.Object)'> (0x00000000c52c2e28) thrown at [./src/hotspot/share/interpreter/linkResolver.cpp, line 773]
Event: 3.484 Thread 0x00000223f4819800 Exception <a 'java/lang/IncompatibleClassChangeError'{0x00000000c593edd0}: Found class java.lang.Object, but interface was expected> (0x00000000c593edd0) thrown at [./src/hotspot/share/interpreter/linkResolver.cpp, line 839]
Event: 3.509 Thread 0x00000223f4819800 Exception <a 'java/lang/IncompatibleClassChangeError'{0x00000000c59a1cf0}: Found class java.lang.Object, but interface was expected> (0x00000000c59a1cf0) thrown at [./src/hotspot/share/interpreter/linkResolver.cpp, line 839]
Event: 3.548 Thread 0x00000223f4819800 Exception <a 'java/lang/NoSuchMethodError'{0x00000000c5866f40}: 'void java.lang.invoke.DirectMethodHandle$Holder.invokeSpecial(java.lang.Object, java.lang.Object, java.lang.Object, java.lang.Object, java.lang.Object)'> (0x00000000c5866f40) thrown at [./src/hotspot/share/interpreter/linkResolver.cpp, line 773]

Events (20 events):
Event: 3.569 loading class org/junit/platform/engine/UniqueId
Event: 3.569 loading class org/junit/platform/engine/UniqueId done
Event: 3.572 loading class org/junit/platform/engine/TestDescriptor
Event: 3.572 loading class org/junit/platform/engine/TestDescriptor done
Event: 3.575 loading class org/junit/platform/launcher/core/InternalTestPlan
Event: 3.575 loading class org/junit/platform/launcher/core/InternalTestPlan done
Event: 3.575 loading class org/junit/platform/launcher/TestExecutionListener
Event: 3.575 loading class org/junit/platform/launcher/TestExecutionListener done
Event: 3.575 loading class org/junit/platform/launcher/core/EngineExecutionOrchestrator
Event: 3.575 loading class org/junit/platform/launcher/core/EngineExecutionOrchestrator done
Event: 3.577 loading class org/junit/platform/launcher/core/CompositeTestExecutionListener$EagerTestExecutionListener
Event: 3.577 loading class org/junit/platform/launcher/core/CompositeTestExecutionListener$EagerTestExecutionListener done
Event: 3.578 loading class org/junit/platform/launcher/TestExecutionListener
Event: 3.578 loading class org/junit/platform/launcher/TestExecutionListener done
Event: 3.578 loading class org/junit/platform/launcher/TestExecutionListener
Event: 3.578 loading class org/junit/platform/launcher/TestExecutionListener done
Event: 3.579 loading class org/junit/platform/launcher/TestIdentifier
Event: 3.579 loading class org/junit/platform/launcher/TestIdentifier done
Event: 3.579 loading class org/junit/platform/engine/reporting/ReportEntry
Event: 3.579 loading class org/junit/platform/engine/reporting/ReportEntry done


Dynamic libraries:
0x00007ff7b9a80000 - 0x00007ff7b9a8d000 	C:\Users\050994\.jdks\corretto-11.0.14.1\bin\java.exe
0x00007ffb7ebb0000 - 0x00007ffb7eda5000 	C:\WINDOWS\SYSTEM32\ntdll.dll
0x00007ffb7e480000 - 0x00007ffb7e53e000 	C:\WINDOWS\System32\KERNEL32.DLL
0x00007ffb7c940000 - 0x00007ffb7cc08000 	C:\WINDOWS\System32\KERNELBASE.dll
0x00007ffb70f60000 - 0x00007ffb70f77000 	C:\Users\050994\.jdks\corretto-11.0.14.1\bin\jli.dll
0x00007ffb7e130000 - 0x00007ffb7e2d0000 	C:\WINDOWS\System32\USER32.dll
0x00007ffb7c420000 - 0x00007ffb7c442000 	C:\WINDOWS\System32\win32u.dll
0x00007ffb7d460000 - 0x00007ffb7d48b000 	C:\WINDOWS\System32\GDI32.dll
0x00007ffb7c6a0000 - 0x00007ffb7c7ab000 	C:\WINDOWS\System32\gdi32full.dll
0x00007ffb7c600000 - 0x00007ffb7c69d000 	C:\WINDOWS\System32\msvcp_win.dll
0x00007ffb7c450000 - 0x00007ffb7c550000 	C:\WINDOWS\System32\ucrtbase.dll
0x00007ffb67930000 - 0x00007ffb67949000 	C:\Users\050994\.jdks\corretto-11.0.14.1\bin\VCRUNTIME140.dll
0x00007ffb66290000 - 0x00007ffb6652a000 	C:\WINDOWS\WinSxS\amd64_microsoft.windows.common-controls_6595b64144ccf1df_6.0.19041.1110_none_60b5254171f9507e\COMCTL32.dll
0x00007ffb7d5e0000 - 0x00007ffb7d67e000 	C:\WINDOWS\System32\msvcrt.dll
0x00007ffb7d360000 - 0x00007ffb7d390000 	C:\WINDOWS\System32\IMM32.DLL
0x00007ffb5d5e0000 - 0x00007ffb5d67b000 	C:\Users\050994\.jdks\corretto-11.0.14.1\bin\msvcp140.dll
0x00007ffb45510000 - 0x00007ffb46093000 	C:\Users\050994\.jdks\corretto-11.0.14.1\bin\server\jvm.dll
0x00007ffb7de50000 - 0x00007ffb7defe000 	C:\WINDOWS\System32\ADVAPI32.dll
0x00007ffb7d690000 - 0x00007ffb7d72c000 	C:\WINDOWS\System32\sechost.dll
0x00007ffb7d4b0000 - 0x00007ffb7d5d5000 	C:\WINDOWS\System32\RPCRT4.dll
0x00007ffb7e120000 - 0x00007ffb7e128000 	C:\WINDOWS\System32\PSAPI.DLL
0x00007ffb77850000 - 0x00007ffb77859000 	C:\WINDOWS\SYSTEM32\WSOCK32.dll
0x00007ffb7dba0000 - 0x00007ffb7dc0b000 	C:\WINDOWS\System32\WS2_32.dll
0x00007ffb69d00000 - 0x00007ffb69d27000 	C:\WINDOWS\SYSTEM32\WINMM.dll
0x00007ffb70550000 - 0x00007ffb7055a000 	C:\WINDOWS\SYSTEM32\VERSION.dll
0x00007ffb7a150000 - 0x00007ffb7a162000 	C:\WINDOWS\SYSTEM32\kernel.appcore.dll
0x00007ffb70f30000 - 0x00007ffb70f40000 	C:\Users\050994\.jdks\corretto-11.0.14.1\bin\verify.dll
0x00007ffb6e910000 - 0x00007ffb6eaf4000 	C:\WINDOWS\SYSTEM32\DBGHELP.DLL
0x00007ffb6e8e0000 - 0x00007ffb6e90c000 	C:\WINDOWS\SYSTEM32\dbgcore.DLL
0x00007ffb7c320000 - 0x00007ffb7c3a2000 	C:\WINDOWS\System32\bcryptPrimitives.dll
0x00007ffb63390000 - 0x00007ffb633b8000 	C:\Users\050994\.jdks\corretto-11.0.14.1\bin\java.dll
0x00007ffb70d30000 - 0x00007ffb70d3a000 	C:\Users\050994\.jdks\corretto-11.0.14.1\bin\jimage.dll
0x00007ffb68e60000 - 0x00007ffb68e6e000 	C:\Users\050994\.jdks\corretto-11.0.14.1\bin\instrument.dll
0x00007ffb656b0000 - 0x00007ffb656c8000 	C:\Users\050994\.jdks\corretto-11.0.14.1\bin\zip.dll
0x00007ffb7cc10000 - 0x00007ffb7d354000 	C:\WINDOWS\System32\SHELL32.dll
0x00007ffb7a350000 - 0x00007ffb7aae4000 	C:\WINDOWS\SYSTEM32\windows.storage.dll
0x00007ffb7e540000 - 0x00007ffb7e894000 	C:\WINDOWS\System32\combase.dll
0x00007ffb7bd30000 - 0x00007ffb7bd5c000 	C:\WINDOWS\SYSTEM32\Wldp.dll
0x00007ffb7dc70000 - 0x00007ffb7dd1d000 	C:\WINDOWS\System32\SHCORE.dll
0x00007ffb7df90000 - 0x00007ffb7dfe5000 	C:\WINDOWS\System32\shlwapi.dll
0x00007ffb7c210000 - 0x00007ffb7c22f000 	C:\WINDOWS\SYSTEM32\profapi.dll
0x00007ffb63cf0000 - 0x00007ffb63d09000 	C:\Users\050994\.jdks\corretto-11.0.14.1\bin\net.dll
0x00007ffb71100000 - 0x00007ffb71209000 	C:\WINDOWS\SYSTEM32\WINHTTP.dll
0x00007ffb7ba90000 - 0x00007ffb7bafa000 	C:\WINDOWS\system32\mswsock.dll
0x00007ffb63370000 - 0x00007ffb63383000 	C:\Users\050994\.jdks\corretto-11.0.14.1\bin\nio.dll
0x00007ffb63250000 - 0x00007ffb6326a000 	C:\Program Files\JetBrains\IntelliJ IDEA 2021.3.2\bin\breakgen64.dll

dbghelp: loaded successfully - version: 4.0.5 - missing functions: none
symbol engine: initialized successfully - sym options: 0x614 - pdb path: .;C:\Users\050994\.jdks\corretto-11.0.14.1\bin;C:\WINDOWS\SYSTEM32;C:\WINDOWS\WinSxS\amd64_microsoft.windows.common-controls_6595b64144ccf1df_6.0.19041.1110_none_60b5254171f9507e;C:\Users\050994\.jdks\corretto-11.0.14.1\bin\server;C:\Program Files\JetBrains\IntelliJ IDEA 2021.3.2\bin

VM Arguments:
jvm_args: -ea -Didea.test.cyclic.buffer.size=1048576 -javaagent:C:\Program Files\JetBrains\IntelliJ IDEA 2021.3.2\lib\idea_rt.jar=62928:C:\Program Files\JetBrains\IntelliJ IDEA 2021.3.2\bin -Dfile.encoding=UTF-8 
java_command: com.intellij.rt.junit.JUnitStarter -ideVersion5 -junit5 com.mykata.spring_boot_crud.SpringBootCrudApplicationTests,contextLoads
java_class_path (initial): C:\Users\050994\.m2\repository\org\junit\platform\junit-platform-launcher\1.8.2\junit-platform-launcher-1.8.2.jar;C:\Program Files\JetBrains\IntelliJ IDEA 2021.3.2\lib\idea_rt.jar;C:\Program Files\JetBrains\IntelliJ IDEA 2021.3.2\plugins\junit\lib\junit5-rt.jar;C:\Program Files\JetBrains\IntelliJ IDEA 2021.3.2\plugins\junit\lib\junit-rt.jar;C:\Spring_Boot_CRUD\target\test-classes;C:\Spring_Boot_CRUD\target\classes;C:\Users\050994\.m2\repository\org\springframework\boot\spring-boot-starter-data-jpa\2.6.5\spring-boot-starter-data-jpa-2.6.5.jar;C:\Users\050994\.m2\repository\org\springframework\boot\spring-boot-starter-aop\2.6.5\spring-boot-starter-aop-2.6.5.jar;C:\Users\050994\.m2\repository\org\springframework\spring-aop\5.3.17\spring-aop-5.3.17.jar;C:\Users\050994\.m2\repository\org\aspectj\aspectjweaver\1.9.7\aspectjweaver-1.9.7.jar;C:\Users\050994\.m2\repository\org\springframework\boot\spring-boot-starter-jdbc\2.6.5\spring-boot-starter-jdbc-2.6.5.jar;C:\Users\050994\.m2\repository\com\zaxxer\HikariCP\4.0.3\HikariCP-4.0.3.jar;C:\Users\050994\.m2\repository\org\springframework\spring-jdbc\5.3.17\spring-jdbc-5.3.17.jar;C:\Users\050994\.m2\repository\jakarta\transaction\jakarta.transaction-api\1.3.3\jakarta.transaction-api-1.3.3.jar;C:\Users\050994\.m2\repository\jakarta\persistence\jakarta.persistence-api\2.2.3\jakarta.persistence-api-2.2.3.jar;C:\Users\050994\.m2\repository\org\hibernate\hibernate-core\5.6.7.Final\hibernate-core-5.6.7.Final.jar;C:\Users\050994\.m2\repository\org\jboss\logging\jboss-logging\3.4.3.Final\jboss-logging-3.4.3.Final.jar;C:\Users\050994\.m2\repository\net\bytebuddy\byte-buddy\1.11.22\byte-buddy-1.11.22.jar;C:\Users\050994\.m2\repository\antlr\antlr\2.7.7\antlr-2.7.7.jar;C:\Users\050994\.m2\repository\org\jboss\jandex\2.4.2.Final\jandex-2.4.2.Final.jar;C:\Users\050994\.m2\repository\com\fasterxml\classmate\1.5.1\classmate-1.5.1.jar;C:\Users\050994\.m2\repository\org\hibernate\common\hibernate-commons-annotation
Launcher Type: SUN_STANDARD

[Global flags]
     intx CICompilerCount                          = 3                                         {product} {ergonomic}
     uint ConcGCThreads                            = 1                                         {product} {ergonomic}
     uint G1ConcRefinementThreads                  = 4                                         {product} {ergonomic}
   size_t G1HeapRegionSize                         = 1048576                                   {product} {ergonomic}
    uintx GCDrainStackTargetSize                   = 64                                        {product} {ergonomic}
   size_t InitialHeapSize                          = 67108864                                  {product} {ergonomic}
   size_t MarkStackSize                            = 4194304                                   {product} {ergonomic}
   size_t MaxHeapSize                              = 1046478848                                {product} {ergonomic}
   size_t MaxNewSize                               = 627048448                                 {product} {ergonomic}
   size_t MinHeapDeltaBytes                        = 1048576                                   {product} {ergonomic}
    uintx NonNMethodCodeHeapSize                   = 5830732                                {pd product} {ergonomic}
    uintx NonProfiledCodeHeapSize                  = 122913754                              {pd product} {ergonomic}
    uintx ProfiledCodeHeapSize                     = 122913754                              {pd product} {ergonomic}
    uintx ReservedCodeCacheSize                    = 251658240                              {pd product} {ergonomic}
     bool SegmentedCodeCache                       = true                                      {product} {ergonomic}
     bool UseCompressedClassPointers               = true                                 {lp64_product} {ergonomic}
     bool UseCompressedOops                        = true                                 {lp64_product} {ergonomic}
     bool UseG1GC                                  = true                                      {product} {ergonomic}
     bool UseLargePagesIndividualAllocation        = false                                  {pd product} {ergonomic}

Logging:
Log output configuration:
 #0: stdout all=warning uptime,level,tags
 #1: stderr all=off uptime,level,tags

Environment Variables:
PATH=C:\ProgramData\Oracle\Java\javapath;C:\Program Files\Common Files\Oracle\Java\javapath;C:\WINDOWS\system32;C:\WINDOWS;C:\WINDOWS\System32\Wbem;C:\WINDOWS\System32\WindowsPowerShell\v1.0\;C:\WINDOWS\System32\OpenSSH\;C:\Program Files\Git\cmd;C:\Program Files\Maven\bin;C:\Program Files\MySQL\MySQL Shell 8.0\bin\;C:\Users\050994\AppData\Local\Microsoft\WindowsApps;
USERNAME=050994
OS=Windows_NT
PROCESSOR_IDENTIFIER=Intel64 Family 6 Model 58 Stepping 9, GenuineIntel



---------------  S Y S T E M  ---------------

OS: Windows 10 , 64 bit Build 19041 (10.0.19041.1566)
OS uptime: 0 days 12:46 hours

CPU:total 4 (initial active 4) (2 cores per cpu, 2 threads per core) family 6 model 58 stepping 9 microcode 0x21, cmov, cx8, fxsr, mmx, sse, sse2, sse3, ssse3, sse4.1, sse4.2, popcnt, avx, clmul, erms, ht, tsc, tscinvbit, tscinv

Memory: 4k page, system-wide physical 3985M (506M free)
TotalPageFile size 6033M (AvailPageFile size 158M)
current process WorkingSet (physical memory assigned to process): 75M, peak: 75M
current process commit charge ("private bytes"): 151M, peak: 151M

vm_info: OpenJDK 64-Bit Server VM (11.0.14.1+10-LTS) for windows-amd64 JRE (11.0.14.1+10-LTS), built on Feb  8 2022 00:13:20 by "Administrator" with unknown MS VC++:1916

END.
